[0m2021.01.28 23:32:25 INFO  Started: Metals version 0.9.10 in workspace '/home/cloudready/workspace/practice/training/N-yobikou/Large-Web-Application/Basic-Scala/scala-gui' for client vscode 1.51.1.[0m
[0m2021.01.28 23:32:28 INFO  time: initialize in 2.7s[0m
[0m2021.01.28 23:32:29 WARN  Build server is not auto-connectable.[0m
[0m2021.01.28 23:32:29 WARN  no build tool detected in workspace '/home/cloudready/workspace/practice/training/N-yobikou/Large-Web-Application/Basic-Scala/scala-gui'. The most common cause for this problem is that the editor was opened in the wrong working directory, for example if you use sbt then the workspace directory should contain build.sbt. [0m
[0m2021.01.28 23:35:05 INFO  no build target: using presentation compiler with only scala-library[0m
[0m2021.01.28 23:35:08 WARN  no build target for: /home/cloudready/workspace/practice/training/N-yobikou/Large-Web-Application/Basic-Scala/scala-gui/src/main/scala/Main.scala[0m
[0m2021.01.28 23:56:13 WARN  no build target for: /home/cloudready/workspace/practice/training/N-yobikou/Large-Web-Application/Basic-Scala/scala-gui/src/main/scala/Main.scala[0m
[0m2021.01.28 23:56:15 WARN  no build target for: /home/cloudready/workspace/practice/training/N-yobikou/Large-Web-Application/Basic-Scala/scala-gui/src/main/scala/Main.scala[0m
[0m2021.01.28 23:59:58 WARN  no build target for: /home/cloudready/workspace/practice/training/N-yobikou/Large-Web-Application/Basic-Scala/scala-gui/build.sbt[0m
[0m2021.01.28 23:59:58 WARN  no build target for: /home/cloudready/workspace/practice/training/N-yobikou/Large-Web-Application/Basic-Scala/scala-gui/build.sbt[0m
[0m2021.01.28 23:59:58 WARN  Unable to produce semanticdb for /home/cloudready/workspace/practice/training/N-yobikou/Large-Web-Application/Basic-Scala/scala-gui/build.sbt[0m
[0m2021.01.29 00:00:19 WARN  no build target for: /home/cloudready/workspace/practice/training/N-yobikou/Large-Web-Application/Basic-Scala/scala-gui/build.sbt[0m
[0m2021.01.29 00:00:19 WARN  Unable to produce semanticdb for /home/cloudready/workspace/practice/training/N-yobikou/Large-Web-Application/Basic-Scala/scala-gui/build.sbt[0m
[0m2021.01.29 00:01:11 WARN  no build target for: /home/cloudready/workspace/practice/training/N-yobikou/Large-Web-Application/Basic-Scala/scala-gui/build.sbt[0m
[0m2021.01.29 00:01:11 WARN  Unable to produce semanticdb for /home/cloudready/workspace/practice/training/N-yobikou/Large-Web-Application/Basic-Scala/scala-gui/build.sbt[0m
[0m2021.01.29 00:01:11 INFO  skipping build import with status 'Dismissed'[0m
[0m2021.01.29 00:01:19 WARN  Unable to produce semanticdb for /home/cloudready/workspace/practice/training/N-yobikou/Large-Web-Application/Basic-Scala/scala-gui/project/build.properties[0m
[0m2021.01.29 00:01:19 INFO  skipping build import with status 'Dismissed'[0m
[0m2021.01.29 00:03:09 WARN  no build target for: /home/cloudready/workspace/practice/training/N-yobikou/Large-Web-Application/Basic-Scala/scala-gui/build.sbt[0m
[0m2021.01.29 00:03:09 WARN  Unable to produce semanticdb for /home/cloudready/workspace/practice/training/N-yobikou/Large-Web-Application/Basic-Scala/scala-gui/build.sbt[0m
[0m2021.01.29 12:56:50 WARN  no build target for: /home/cloudready/workspace/practice/training/N-yobikou/Large-Web-Application/Basic-Scala/scala-gui/build.sbt[0m
[0m2021.01.29 12:56:50 WARN  Unable to produce semanticdb for /home/cloudready/workspace/practice/training/N-yobikou/Large-Web-Application/Basic-Scala/scala-gui/build.sbt[0m
[0m2021.01.29 12:59:59 INFO  skipping build import with status 'Requested'[0m
[0m2021.01.29 15:55:24 WARN  no build target for: /home/cloudready/workspace/practice/training/N-yobikou/Large-Web-Application/Basic-Scala/scala-gui/src/main/scala/Main.scala[0m
[0m2021.01.29 15:55:25 WARN  no build target for: /home/cloudready/workspace/practice/training/N-yobikou/Large-Web-Application/Basic-Scala/scala-gui/src/main/scala/Main.scala[0m
[0m2021.01.29 15:55:26 WARN  no build target for: /home/cloudready/workspace/practice/training/N-yobikou/Large-Web-Application/Basic-Scala/scala-gui/src/main/scala/Main.scala[0m
[0m2021.01.29 15:55:28 WARN  no build target for: /home/cloudready/workspace/practice/training/N-yobikou/Large-Web-Application/Basic-Scala/scala-gui/src/main/scala/Main.scala[0m
[0m2021.01.29 19:59:33 WARN  no build target for: /home/cloudready/workspace/practice/training/N-yobikou/Large-Web-Application/Basic-Scala/scala-gui/project/assembly.sbt[0m
[0m2021.01.29 19:59:33 WARN  Unable to produce semanticdb for /home/cloudready/workspace/practice/training/N-yobikou/Large-Web-Application/Basic-Scala/scala-gui/project/assembly.sbt[0m
[0m2021.01.29 19:59:56 WARN  no build target for: /home/cloudready/workspace/practice/training/N-yobikou/Large-Web-Application/Basic-Scala/scala-gui/project/assembly.sbt[0m
[0m2021.01.29 20:00:50 WARN  no build target for: /home/cloudready/workspace/practice/training/N-yobikou/Large-Web-Application/Basic-Scala/scala-gui/project/assembly.sbt[0m
[0m2021.01.29 20:00:50 WARN  Unable to produce semanticdb for /home/cloudready/workspace/practice/training/N-yobikou/Large-Web-Application/Basic-Scala/scala-gui/project/assembly.sbt[0m
[0m2021.01.29 20:00:55 WARN  no build target for: /home/cloudready/workspace/practice/training/N-yobikou/Large-Web-Application/Basic-Scala/scala-gui/project/assembly.sbt[0m
[0m2021.01.29 20:00:55 WARN  Unable to produce semanticdb for /home/cloudready/workspace/practice/training/N-yobikou/Large-Web-Application/Basic-Scala/scala-gui/project/assembly.sbt[0m
[0m2021.01.29 20:00:55 INFO  skipping build import with status 'Dismissed'[0m
[0m2021.01.29 20:01:39 WARN  no build target for: /home/cloudready/workspace/practice/training/N-yobikou/Large-Web-Application/Basic-Scala/scala-gui/build.sbt[0m
[0m2021.01.29 20:01:39 WARN  Unable to produce semanticdb for /home/cloudready/workspace/practice/training/N-yobikou/Large-Web-Application/Basic-Scala/scala-gui/build.sbt[0m
[0m2021.01.29 20:01:39 INFO  skipping build import with status 'Dismissed'[0m
[0m2021.01.29 20:01:58 WARN  no build target for: /home/cloudready/workspace/practice/training/N-yobikou/Large-Web-Application/Basic-Scala/scala-gui/build.sbt[0m
[0m2021.01.29 20:01:58 INFO  skipping build import with status 'Dismissed'[0m
[0m2021.01.29 20:01:58 WARN  Unable to produce semanticdb for /home/cloudready/workspace/practice/training/N-yobikou/Large-Web-Application/Basic-Scala/scala-gui/build.sbt[0m
[0m2021.01.29 20:02:00 WARN  no build target for: /home/cloudready/workspace/practice/training/N-yobikou/Large-Web-Application/Basic-Scala/scala-gui/build.sbt[0m
[0m2021.01.29 20:02:00 WARN  Unable to produce semanticdb for /home/cloudready/workspace/practice/training/N-yobikou/Large-Web-Application/Basic-Scala/scala-gui/build.sbt[0m
[0m2021.01.29 20:02:00 INFO  skipping build import with status 'Dismissed'[0m
[0m2021.01.29 20:02:09 WARN  no build target for: /home/cloudready/workspace/practice/training/N-yobikou/Large-Web-Application/Basic-Scala/scala-gui/build.sbt[0m
[0m2021.01.29 20:02:09 WARN  Unable to produce semanticdb for /home/cloudready/workspace/practice/training/N-yobikou/Large-Web-Application/Basic-Scala/scala-gui/build.sbt[0m
[0m2021.01.29 20:02:09 INFO  skipping build import with status 'Dismissed'[0m
[0m2021.01.29 20:02:14 WARN  no build target for: /home/cloudready/workspace/practice/training/N-yobikou/Large-Web-Application/Basic-Scala/scala-gui/build.sbt[0m
[0m2021.01.29 20:02:14 WARN  Unable to produce semanticdb for /home/cloudready/workspace/practice/training/N-yobikou/Large-Web-Application/Basic-Scala/scala-gui/build.sbt[0m
[0m2021.01.29 20:02:14 INFO  skipping build import with status 'Dismissed'[0m
[0m2021.01.29 20:02:22 WARN  no build target for: /home/cloudready/workspace/practice/training/N-yobikou/Large-Web-Application/Basic-Scala/scala-gui/build.sbt[0m
[0m2021.01.29 20:02:22 WARN  Unable to produce semanticdb for /home/cloudready/workspace/practice/training/N-yobikou/Large-Web-Application/Basic-Scala/scala-gui/build.sbt[0m
[0m2021.01.29 20:02:22 INFO  skipping build import with status 'Dismissed'[0m
[0m2021.01.29 23:37:07 INFO  shutting down Metals[0m
[0m2021.01.29 23:37:48 INFO  Started: Metals version 0.9.10 in workspace '/home/cloudready/workspace/practice/training/N-yobikou/Large-Web-Application/Basic-Scala/scala-gui' for client vscode 1.51.1.[0m
[0m2021.01.29 23:37:51 INFO  time: initialize in 3.06s[0m
[0m2021.01.29 23:37:52 INFO  Attempting to connect to the build server...[0m
Starting the bsp launcher for bloop...
Opening a bsp server connection with 'bsp --protocol local --socket /tmp/bsp-launcher15993380899910956911/bsp.socket'...
Waiting for the bsp connection to come up...
[0m2021.01.29 23:37:53 WARN  no build target for: /home/cloudready/workspace/practice/training/N-yobikou/Large-Web-Application/Basic-Scala/scala-gui/project/assembly.sbt[0m
[0m[32m[D][0m Waiting for a connection at local:///tmp/bsp-launcher15993380899910956911/bsp.socket...
The server is listening for incoming connections at local:///tmp/bsp-launcher15993380899910956911/bsp.socket...
Starting thread that pumps stdin and redirects it to the bsp server...
Starting thread that pumps server stdout and redirects it to the client stdout...
[0m2021.01.29 23:37:54 INFO  tracing is disabled for protocol BSP, to enable tracing of incoming and outgoing JSON messages create an empty file at /home/cloudready/.cache/metals/bsp.trace.json[0m
[0m2021.01.29 23:37:54 INFO  time: connected to build server in 1.71s[0m
[0m2021.01.29 23:37:54 INFO  Connected to Build server v1.4.6-21-464e4ec4[0m
[0m2021.01.29 23:37:54 ERROR Empty build targets. Expected at least one build target identifier.[0m
[0m2021.01.29 23:37:54 ERROR Empty build targets. Expected at least one build target identifier.[0m
[0m2021.01.29 23:37:54 ERROR Empty build targets. Expected at least one build target identifier.[0m
[0m2021.01.29 23:37:54 INFO  time: imported build in 0.22s[0m
[0m2021.01.29 23:38:03 WARN  Could not find java sources in None. Java symbols will not be available.[0m
[0m2021.01.29 23:38:03 INFO  time: indexed workspace in 8.47s[0m
[0m2021.01.29 23:38:03 WARN  no build target for: /home/cloudready/workspace/practice/training/N-yobikou/Large-Web-Application/Basic-Scala/scala-gui/project/assembly.sbt[0m
[0m2021.01.29 23:38:07 INFO  no build target: using presentation compiler with only scala-library[0m
1月 29, 2021 11:38:07 午後 org.eclipse.lsp4j.jsonrpc.RemoteEndpoint handleCancellation
警告: Unmatched cancel notification for request id 3
[0m2021.01.30 01:50:48 INFO  shutting down Metals[0m
[0m2021.01.30 01:50:48 INFO  Shut down connection with build server.[0m
No more data in the client stdin, exiting...
No more data in the server stdin, exiting...
No more data in the server stdin, exiting...
[0m2021.01.30 03:17:58 INFO  Started: Metals version 0.9.10 in workspace '/home/cloudready/workspace/practice/training/N-yobikou/Large-Web-Application/Basic-Scala/scala-gui' for client vscode 1.51.1.[0m
[0m2021.01.30 03:18:02 INFO  time: initialize in 3.42s[0m
[0m2021.01.30 03:18:03 INFO  Attempting to connect to the build server...[0m
Starting the bsp launcher for bloop...
Opening a bsp server connection with 'bsp --protocol local --socket /tmp/bsp-launcher6637377391187106725/bsp.socket'...
[0m2021.01.30 03:18:03 WARN  no build target for: /home/cloudready/workspace/practice/training/N-yobikou/Large-Web-Application/Basic-Scala/scala-gui/project/assembly.sbt[0m
Waiting for the bsp connection to come up...
[0m2021.01.30 03:18:03 INFO  skipping build import with status 'Requested'[0m
[0m[32m[D][0m Waiting for a connection at local:///tmp/bsp-launcher6637377391187106725/bsp.socket...
The server is listening for incoming connections at local:///tmp/bsp-launcher6637377391187106725/bsp.socket...
Starting thread that pumps stdin and redirects it to the bsp server...
Starting thread that pumps server stdout and redirects it to the client stdout...
[0m2021.01.30 03:18:04 INFO  tracing is disabled for protocol BSP, to enable tracing of incoming and outgoing JSON messages create an empty file at /home/cloudready/.cache/metals/bsp.trace.json[0m
[0m2021.01.30 03:18:04 INFO  time: connected to build server in 1.23s[0m
[0m2021.01.30 03:18:04 INFO  Connected to Build server v1.4.6-21-464e4ec4[0m
[0m2021.01.30 03:18:03 ERROR Empty build targets. Expected at least one build target identifier.[0m
[0m2021.01.30 03:18:03 ERROR Empty build targets. Expected at least one build target identifier.[0m
[0m2021.01.30 03:18:04 ERROR Empty build targets. Expected at least one build target identifier.[0m
[0m2021.01.30 03:18:04 INFO  time: imported build in 0.21s[0m
[0m2021.01.30 03:18:10 INFO  no build target: using presentation compiler with only scala-library[0m
[0m2021.01.30 03:18:13 WARN  no build target for: /home/cloudready/workspace/practice/training/N-yobikou/Large-Web-Application/Basic-Scala/scala-gui/src/main/scala/Main.scala[0m
[0m2021.01.30 03:18:15 WARN  Could not find java sources in None. Java symbols will not be available.[0m
[0m2021.01.30 03:18:15 INFO  time: indexed workspace in 10s[0m
[0m2021.01.30 03:18:15 WARN  no build target for: /home/cloudready/workspace/practice/training/N-yobikou/Large-Web-Application/Basic-Scala/scala-gui/src/main/scala/Main.scala[0m
[0m2021.01.30 03:18:15 WARN  no build target for: /home/cloudready/workspace/practice/training/N-yobikou/Large-Web-Application/Basic-Scala/scala-gui/project/assembly.sbt[0m
1月 30, 2021 3:18:19 午前 org.eclipse.lsp4j.jsonrpc.RemoteEndpoint handleCancellation
警告: Unmatched cancel notification for request id 5
[0m2021.01.30 11:57:47 INFO  shutting down Metals[0m
[0m2021.01.30 11:57:47 INFO  Shut down connection with build server.[0m
No more data in the client stdin, exiting...
No more data in the server stdin, exiting...
No more data in the server stdin, exiting...
